<?xml version="1.0" encoding="UTF-8"?>
<!-- Generated by org.testng.reporters.JUnitReportReporter -->
<testsuite hostname="DESKTOP-TLAJPQP" failures="0" tests="2" name="AMAZON.class1" time="0.015" errors="0" timestamp="2022-11-08T11:37:41 IST" skipped="0">
  <testcase classname="AMAZON.class1" name="edit" time="0.008"/>
  <system-out/>
  <testcase classname="AMAZON.class1" name="title" time="0.007"/>
  <system-out/>
</testsuite> <!-- AMAZON.class1 -->
