<?xml version="1.0" encoding="UTF-8"?>
<!-- Generated by org.testng.reporters.JUnitReportReporter -->
<testsuite hostname="DESKTOP-TLAJPQP" failures="0" tests="6" name="AMAZON.class3" time="0.008" errors="0" timestamp="2022-11-08T11:50:58 IST" skipped="0">
  <testcase classname="AMAZON.class3" name="title1" time="0.004"/>
  <system-out/>
  <testcase classname="AMAZON.class3" name="edit1" time="0.001"/>
  <system-out/>
  <testcase classname="AMAZON.class3" name="title2" time="0.001"/>
  <system-out/>
  <testcase classname="AMAZON.class3" name="edit2" time="0.001"/>
  <system-out/>
  <testcase classname="AMAZON.class3" name="title3" time="0.001"/>
  <system-out/>
  <testcase classname="AMAZON.class3" name="edit3" time="0.000"/>
  <system-out/>
</testsuite> <!-- AMAZON.class3 -->
