<?xml version="1.0" encoding="UTF-8"?>
<!-- Generated by org.testng.reporters.JUnitReportReporter -->
<testsuite hostname="DESKTOP-TLAJPQP" failures="0" tests="6" name="testNG1.task1" time="6.264" errors="0" timestamp="2022-11-08T11:31:58 IST" skipped="0">
  <testcase classname="testNG1.task1" name="opening_browser" time="4.438"/>
  <system-out/>
  <testcase classname="testNG1.task1" name="Screenshot" time="0.984"/>
  <system-out/>
  <testcase classname="testNG1.task1" name="get_Title" time="0.008"/>
  <system-out/>
  <testcase classname="testNG1.task1" name="get_url" time="0.007"/>
  <system-out/>
  <testcase classname="testNG1.task1" name="count_dropdown" time="0.682"/>
  <system-out/>
  <testcase classname="testNG1.task1" name="close" time="0.145"/>
  <system-out/>
</testsuite> <!-- testNG1.task1 -->
