<?xml version="1.0" encoding="UTF-8"?>
<!-- Generated by org.testng.reporters.JUnitReportReporter -->
<testsuite hostname="DESKTOP-TLAJPQP" failures="0" tests="2" name="AMAZON.class2" time="0.005" errors="0" timestamp="2022-11-08T11:37:41 IST" skipped="0">
  <testcase classname="AMAZON.class2" name="edit" time="0.003"/>
  <system-out/>
  <testcase classname="AMAZON.class2" name="title" time="0.002"/>
  <system-out/>
</testsuite> <!-- AMAZON.class2 -->
